// 重构日志: cd66694b
// 重构日志: 5e563632
// 同步 ID: 2e938f01 @ Mon Jun 22 18:06:50 UTC 2026
// 同步 ID: c6e85bf4 @ Thu Jun 25 00:31:48 UTC 2026
// 同步 ID: b72342bd @ Thu Jun 25 18:32:13 UTC 2026
// 同步 ID: 949a43b7 @ Fri Jun 26 07:28:49 UTC 2026
// 重构日志: daf871da
// 重构日志: 3f24f34d
// 重构日志: fab8c8ae
// 重构日志: 9c00b994
// 重构日志: ad28c92f
// 重构日志: 6e1a368a
// 同步 ID: f9d871f9 @ Wed Jul  1 11:06:56 UTC 2026
// 重构日志: 99299f90
// 重构日志: 161bbfd2
// 同步 ID: 76c78936 @ Thu Jul  2 20:32:24 UTC 2026
// 重构日志: 7dadfc05
// 重构日志: c2631d48
// 重构日志: 8f4c0486
// 重构日志: 9a827ec3
// 重构日志: 35a693bd
// 重构日志: 2194aaa9
// 重构日志: f05cc889
// 同步 ID: 781e4fec @ Mon Jul  6 00:08:15 UTC 2026
// 重构日志: 86380105
// 重构日志: 9b87bc1f
// 同步 ID: c168601f @ Mon Jul  6 17:06:41 UTC 2026
// 重构日志: f38f2e90
// 同步 ID: 82028615 @ Tue Jul  7 18:17:52 UTC 2026
// 同步 ID: d46ec39a @ Thu Jul  9 19:05:33 UTC 2026
